<?xml version="1.0" encoding="UTF-8"?>
<!-- Generated by org.testng.reporters.JUnitReportReporter -->
<testsuite hostname="DESKTOP-TAQ818G" name="Example.NewTest" tests="1" failures="0" timestamp="22 Jul 2020 13:58:58 GMT" time="13.582" errors="0">
  <testcase name="testEasy" time="13.582" classname="Example.NewTest"/>
</testsuite> <!-- Example.NewTest -->
