<?xml version="1.0" encoding="UTF-8"?>
<!-- Generated by org.testng.reporters.JUnitReportReporter -->
<testsuite hostname="DESKTOP-TAQ818G" name="testCases.NewTest" tests="1" failures="0" timestamp="26 Jul 2020 05:42:38 GMT" time="8.113" errors="0">
  <testcase name="ValidateUnAuthorizeMessage" time="8.113" classname="testCases.NewTest"/>
</testsuite> <!-- testCases.NewTest -->
